<?xml version="1.0" encoding="UTF-8"?>
<!-- Generated by org.testng.reporters.JUnitReportReporter -->
<testsuite skipped="0" hostname="ntpc02017" name="saucelabsDemo.DemoProg" tests="1" failures="0" timestamp="29 Sep 2017 08:11:07 GMT" time="80.119" errors="0">
  <testcase name="test" time="80.119" classname="saucelabsDemo.DemoProg"/>
</testsuite> <!-- saucelabsDemo.DemoProg -->
